#
# There is insufficient memory for the Java Runtime Environment to continue.
# Native memory allocation (malloc) failed to allocate 62736 bytes for Chunk::new
# Possible reasons:
#   The system is out of physical RAM or swap space
#   In 32 bit mode, the process size limit was hit
# Possible solutions:
#   Reduce memory load on the system
#   Increase physical memory or swap space
#   Check if swap backing store is full
#   Use 64 bit Java on a 64 bit OS
#   Decrease Java heap size (-Xmx/-Xms)
#   Decrease number of Java threads
#   Decrease Java thread stack sizes (-Xss)
#   Set larger code cache with -XX:ReservedCodeCacheSize=
# This output file may be truncated or incomplete.
#
#  Out of Memory Error (allocation.cpp:390), pid=19812, tid=0x0000000000004f98
#
# JRE version: Java(TM) SE Runtime Environment (8.0_131-b11) (build 1.8.0_131-b11)
# Java VM: Java HotSpot(TM) 64-Bit Server VM (25.131-b11 mixed mode windows-amd64 compressed oops)
# Failed to write core dump. Minidumps are not enabled by default on client versions of Windows
#

---------------  T H R E A D  ---------------

Current thread (0x0000000015676800):  JavaThread "C2 CompilerThread0" daemon [_thread_in_native, id=20376, stack(0x0000000016fc0000,0x00000000170c0000)]

Stack: [0x0000000016fc0000,0x00000000170c0000]
[error occurred during error reporting (printing stack bounds), id 0xc0000005]

Native frames: (J=compiled Java code, j=interpreted, Vv=VM code, C=native code)


Current CompileTask:
C2:    567  182       4       jdk.internal.org.objectweb.asm.ByteVector::putUTF8 (142 bytes)


---------------  P R O C E S S  ---------------

Java Threads: ( => current thread )
  0x0000000016a5c000 JavaThread "Service Thread" daemon [_thread_blocked, id=19064, stack(0x00000000172c0000,0x00000000173c0000)]
  0x0000000015689800 JavaThread "C1 CompilerThread2" daemon [_thread_blocked, id=18724, stack(0x00000000171c0000,0x00000000172c0000)]
  0x000000001567b000 JavaThread "C2 CompilerThread1" daemon [_thread_blocked, id=20636, stack(0x00000000170c0000,0x00000000171c0000)]
=>0x0000000015676800 JavaThread "C2 CompilerThread0" daemon [_thread_in_native, id=20376, stack(0x0000000016fc0000,0x00000000170c0000)]
  0x000000001566c800 JavaThread "Attach Listener" daemon [_thread_blocked, id=15884, stack(0x0000000016ec0000,0x0000000016fc0000)]
  0x0000000016a03800 JavaThread "Signal Dispatcher" daemon [_thread_blocked, id=17484, stack(0x0000000016dc0000,0x0000000016ec0000)]
  0x00000000030da000 JavaThread "Finalizer" daemon [_thread_blocked, id=8084, stack(0x00000000168c0000,0x00000000169c0000)]
  0x00000000030cf000 JavaThread "Reference Handler" daemon [_thread_blocked, id=20744, stack(0x00000000167c0000,0x00000000168c0000)]
  0x0000000002fe0800 JavaThread "main" [_thread_in_native, id=20548, stack(0x0000000002ee0000,0x0000000002fe0000)]

Other Threads:
  0x0000000015627800 VMThread [stack: 0x00000000166c0000,0x00000000167c0000] [id=11952]
  0x0000000016a96000 WatcherThread [stack: 0x00000000173c0000,0x00000000174c0000] [id=19360]

VM state:not at safepoint (normal execution)

VM Mutex/Monitor currently owned by a thread: None

Heap:
 PSYoungGen      total 18432K, used 2857K [0x00000000eb600000, 0x00000000eca80000, 0x0000000100000000)
  eden space 15872K, 18% used [0x00000000eb600000,0x00000000eb8ca5e0,0x00000000ec580000)
  from space 2560K, 0% used [0x00000000ec800000,0x00000000ec800000,0x00000000eca80000)
  to   space 2560K, 0% used [0x00000000ec580000,0x00000000ec580000,0x00000000ec800000)
 ParOldGen       total 42496K, used 0K [0x00000000c2200000, 0x00000000c4b80000, 0x00000000eb600000)
  object space 42496K, 0% used [0x00000000c2200000,0x00000000c2200000,0x00000000c4b80000)
 Metaspace       used 5350K, capacity 5452K, committed 5632K, reserved 1058816K
  class space    used 623K, capacity 689K, committed 768K, reserved 1048576K

Card table byte_map: [0x00000000124a0000,0x0000000012690000] byte_map_base: 0x0000000011e8f000

Marking Bits: (ParMarkBitMap*) 0x000000006e63c720
 Begin Bits: [0x0000000012be0000, 0x0000000013b58000)
 End Bits:   [0x0000000013b58000, 0x0000000014ad0000)

Polling page: 0x0000000001200000

CodeCache: size=245760Kb used=1538Kb max_used=1538Kb free=244221Kb
 bounds [0x00000000030e0000, 0x0000000003350000, 0x00000000120e0000]
 total_blobs=556 nmethods=233 adapters=236
 compilation: enabled

Compilation events (10 events):
Event: 0.457 Thread 0x0000000015689800  222       3       java.lang.invoke.MethodType$ConcurrentWeakInternSet::get (54 bytes)
Event: 0.459 Thread 0x0000000015689800 nmethod 222 0x00000000032513d0 code [0x0000000003251600, 0x00000000032522b8]
Event: 0.459 Thread 0x0000000015689800  223       3       java.lang.invoke.InvokerBytecodeGenerator::emitLoadInsn (21 bytes)
Event: 0.459 Thread 0x0000000015689800 nmethod 223 0x0000000003252a90 code [0x0000000003252c00, 0x0000000003252e98]
Event: 0.459 Thread 0x0000000015689800  224       3       java.lang.invoke.InvokerBytecodeGenerator::loadInsnOpcode (86 bytes)
Event: 0.460 Thread 0x0000000015689800 nmethod 224 0x0000000003252fd0 code [0x00000000032531e0, 0x0000000003253cf8]
Event: 0.460 Thread 0x0000000015689800  225  s    3       java.lang.StringBuffer::append (15 bytes)
Event: 0.460 Thread 0x0000000015689800 nmethod 225 0x0000000003254190 code [0x0000000003254300, 0x0000000003254628]
Event: 0.460 Thread 0x0000000015689800  226       3       java.lang.AbstractStringBuilder::append (40 bytes)
Event: 0.461 Thread 0x0000000015689800 nmethod 226 0x0000000003254710 code [0x00000000032548c0, 0x0000000003254f08]

GC Heap History (0 events):
No events

Deoptimization events (0 events):
No events

Internal exceptions (9 events):
Event: 0.068 Thread 0x0000000002fe0800 Exception <a 'java/lang/NoSuchMethodError': Method sun.misc.Unsafe.defineClass(Ljava/lang/String;[BII)Ljava/lang/Class; name or signature does not match> (0x00000000eb607ca8) thrown at [C:\re\workspace\8-2-build-windows-amd64-cygwin\jdk8u131\8869\hotspot\
Event: 0.068 Thread 0x0000000002fe0800 Exception <a 'java/lang/NoSuchMethodError': Method sun.misc.Unsafe.prefetchRead(Ljava/lang/Object;J)V name or signature does not match> (0x00000000eb607f90) thrown at [C:\re\workspace\8-2-build-windows-amd64-cygwin\jdk8u131\8869\hotspot\src\share\vm\prims
Event: 0.268 Thread 0x0000000002fe0800 Exception <a 'java/security/PrivilegedActionException'> (0x00000000eb6e31e0) thrown at [C:\re\workspace\8-2-build-windows-amd64-cygwin\jdk8u131\8869\hotspot\src\share\vm\prims\jvm.cpp, line 1390]
Event: 0.268 Thread 0x0000000002fe0800 Exception <a 'java/security/PrivilegedActionException'> (0x00000000eb6e33f0) thrown at [C:\re\workspace\8-2-build-windows-amd64-cygwin\jdk8u131\8869\hotspot\src\share\vm\prims\jvm.cpp, line 1390]
Event: 0.273 Thread 0x0000000002fe0800 Exception <a 'java/security/PrivilegedActionException'> (0x00000000eb6e7060) thrown at [C:\re\workspace\8-2-build-windows-amd64-cygwin\jdk8u131\8869\hotspot\src\share\vm\prims\jvm.cpp, line 1390]
Event: 0.273 Thread 0x0000000002fe0800 Exception <a 'java/security/PrivilegedActionException'> (0x00000000eb6e7270) thrown at [C:\re\workspace\8-2-build-windows-amd64-cygwin\jdk8u131\8869\hotspot\src\share\vm\prims\jvm.cpp, line 1390]
Event: 0.294 Thread 0x0000000002fe0800 Exception <a 'java/io/FileNotFoundException'> (0x00000000eb73e558) thrown at [C:\re\workspace\8-2-build-windows-amd64-cygwin\jdk8u131\8869\hotspot\src\share\vm\prims\jni.cpp, line 709]
Event: 0.381 Thread 0x0000000002fe0800 Exception <a 'java/lang/NoSuchFieldError': method resolution failed> (0x00000000eb80c700) thrown at [C:\re\workspace\8-2-build-windows-amd64-cygwin\jdk8u131\8869\hotspot\src\share\vm\prims\methodHandles.cpp, line 1146]
Event: 0.386 Thread 0x0000000002fe0800 Exception <a 'java/lang/NoSuchFieldError': method resolution failed> (0x00000000eb819ad0) thrown at [C:\re\workspace\8-2-build-windows-amd64-cygwin\jdk8u131\8869\hotspot\src\share\vm\prims\methodHandles.cpp, line 1146]

Events (10 events):
Event: 0.460 loading class java/security/SecurityPermission
Event: 0.460 loading class java/security/SecurityPermission done
Event: 0.461 loading class java/net/SocketPermission
Event: 0.461 loading class java/net/SocketPermission done
Event: 0.461 loading class sun/security/action/GetBooleanAction
Event: 0.461 loading class sun/security/action/GetBooleanAction done
Event: 0.461 loading class java/security/AllPermissionCollection
Event: 0.461 loading class java/security/AllPermissionCollection done
Event: 0.461 loading class java/lang/invoke/InfoFromMemberName
Event: 0.462 loading class java/lang/invoke/MethodHandleInfo


Dynamic libraries:
0x00007ff6da010000 - 0x00007ff6da047000 	C:\Program Files\Java\jre1.8.0_131\bin\javaw.exe
0x00007fff67ff0000 - 0x00007fff681dd000 	C:\WINDOWS\SYSTEM32\ntdll.dll
0x00007fff65420000 - 0x00007fff654d3000 	C:\WINDOWS\System32\KERNEL32.DLL
0x00007fff644a0000 - 0x00007fff64733000 	C:\WINDOWS\System32\KERNELBASE.dll
0x00007fff65bb0000 - 0x00007fff65c53000 	C:\WINDOWS\System32\ADVAPI32.dll
0x00007fff65a90000 - 0x00007fff65b2e000 	C:\WINDOWS\System32\msvcrt.dll
0x00007fff65960000 - 0x00007fff659fe000 	C:\WINDOWS\System32\sechost.dll
0x00007fff66870000 - 0x00007fff66992000 	C:\WINDOWS\System32\RPCRT4.dll
0x00007fff65280000 - 0x00007fff65417000 	C:\WINDOWS\System32\USER32.dll
0x00007fff65200000 - 0x00007fff65220000 	C:\WINDOWS\System32\win32u.dll
0x00007fff67f80000 - 0x00007fff67fa9000 	C:\WINDOWS\System32\GDI32.dll
0x00007fff64160000 - 0x00007fff642fa000 	C:\WINDOWS\System32\gdi32full.dll
0x00007fff64300000 - 0x00007fff643a0000 	C:\WINDOWS\System32\msvcp_win.dll
0x00007fff64740000 - 0x00007fff6483a000 	C:\WINDOWS\System32\ucrtbase.dll
0x00007fff563a0000 - 0x00007fff56619000 	C:\WINDOWS\WinSxS\amd64_microsoft.windows.common-controls_6595b64144ccf1df_6.0.17763.379_none_05b83be8071c94a1\COMCTL32.dll
0x00007fff65ea0000 - 0x00007fff661cd000 	C:\WINDOWS\System32\combase.dll
0x00007fff640c0000 - 0x00007fff6413e000 	C:\WINDOWS\System32\bcryptPrimitives.dll
0x00007fff65a00000 - 0x00007fff65a2e000 	C:\WINDOWS\System32\IMM32.DLL
0x000000006dc70000 - 0x000000006dd42000 	C:\Program Files\Java\jre1.8.0_131\bin\msvcr100.dll
0x000000006de20000 - 0x000000006e6bc000 	C:\Program Files\Java\jre1.8.0_131\bin\server\jvm.dll
0x00007fff67f70000 - 0x00007fff67f78000 	C:\WINDOWS\System32\PSAPI.DLL
0x00007fff62220000 - 0x00007fff62244000 	C:\WINDOWS\SYSTEM32\WINMM.dll
0x00007fff572d0000 - 0x00007fff572da000 	C:\WINDOWS\SYSTEM32\VERSION.dll
0x00007fff60b00000 - 0x00007fff60b09000 	C:\WINDOWS\SYSTEM32\WSOCK32.dll
0x00007fff66800000 - 0x00007fff6686d000 	C:\WINDOWS\System32\WS2_32.dll
0x00007fff62100000 - 0x00007fff6212d000 	C:\WINDOWS\SYSTEM32\winmmbase.dll
0x00007fff643a0000 - 0x00007fff643ea000 	C:\WINDOWS\System32\cfgmgr32.dll
0x000000006e770000 - 0x000000006e77f000 	C:\Program Files\Java\jre1.8.0_131\bin\verify.dll
0x000000006ddf0000 - 0x000000006de19000 	C:\Program Files\Java\jre1.8.0_131\bin\java.dll
0x000000006ddd0000 - 0x000000006dde6000 	C:\Program Files\Java\jre1.8.0_131\bin\zip.dll
0x00007fff66a80000 - 0x00007fff67f70000 	C:\WINDOWS\System32\SHELL32.dll
0x00007fff661d0000 - 0x00007fff66278000 	C:\WINDOWS\System32\shcore.dll
0x00007fff648a0000 - 0x00007fff64fea000 	C:\WINDOWS\System32\windows.storage.dll
0x00007fff64090000 - 0x00007fff640b4000 	C:\WINDOWS\System32\profapi.dll
0x00007fff64010000 - 0x00007fff6406d000 	C:\WINDOWS\System32\powrprof.dll
0x00007fff65220000 - 0x00007fff65272000 	C:\WINDOWS\System32\shlwapi.dll
0x00007fff63ff0000 - 0x00007fff64001000 	C:\WINDOWS\System32\kernel.appcore.dll
0x00007fff64140000 - 0x00007fff64157000 	C:\WINDOWS\System32\cryptsp.dll
0x000000006cb80000 - 0x000000006cd18000 	C:\Program Files\Java\jre1.8.0_131\bin\awt.dll
0x00007fff65c60000 - 0x00007fff65d2b000 	C:\WINDOWS\System32\OLEAUT32.dll
0x00007fff62360000 - 0x00007fff623ec000 	C:\WINDOWS\SYSTEM32\apphelp.dll

VM Arguments:
jvm_args: -Dfile.encoding=GBK 
java_command: Footer
java_class_path (initial): D:\eclipse-workspace\Footer\bin
Launcher Type: SUN_STANDARD

Environment Variables:
PATH=C:/Program Files/Java/jre1.8.0_131/bin/server;C:/Program Files/Java/jre1.8.0_131/bin;C:/Program Files/Java/jre1.8.0_131/lib/amd64;F:\app\Administrator\product\11.2.0\dbhome_3\bin;F:\phpStudy\PHPTutorial\php\php-7.0.12-nts;C:\ProgramData\Oracle\Java\javapath;C:\WINDOWS\system32;C:\WINDOWS;C:\WINDOWS\System32\Wbem;C:\WINDOWS\System32\WindowsPowerShell\v1.0\;D:\Git\cmd;C:\Program Files\nodejs\;C:\WINDOWS\System32\OpenSSH\;C:\Program Files (x86)\Microsoft SQL Server\80\Tools\Binn\;C:\Program Files (x86)\Microsoft SQL Server\90\DTS\Binn\;C:\Program Files\Microsoft SQL Server\110\DTS\Binn\;C:\Program Files (x86)\Microsoft SQL Server\110\Tools\Binn\;C:\Program Files\Microsoft SQL Server\110\Tools\Binn\;C:\Program Files (x86)\Microsoft SQL Server\110\Tools\Binn\ManagementStudio\;C:\Program Files (x86)\Microsoft Visual Studio 10.0\Common7\IDE\PrivateAssemblies\;C:\Program Files (x86)\Microsoft SQL Server\110\DTS\Binn\;C:\Program Files\dotnet\;C:\Program Files\Microsoft SQL Server\130\Tools\Binn\;C:\Program Files\Microsoft SQL Server\Client SDK\ODBC\170\Tools\Binn\;C:\Users\Administrator\AppData\Local\Microsoft\WindowsApps;C:\Users\Administrator\AppData\Roaming\npm;;D:\Eclipse\eclipse;
USERNAME=Administrator
OS=Windows_NT
PROCESSOR_IDENTIFIER=Intel64 Family 6 Model 58 Stepping 9, GenuineIntel



---------------  S Y S T E M  ---------------

OS: Windows 10.0 , 64 bit Build 17763 (10.0.17763.379)

CPU:total 4 (initial active 4) (2 cores per cpu, 2 threads per core) family 6 model 58 stepping 9, cmov, cx8, fxsr, mmx, sse, sse2, sse3, ssse3, sse4.1, sse4.2, popcnt, avx, clmul, erms, ht, tsc, tscinvbit, tscinv

Memory: 4k page, physical 4049752k(331172k free), swap 16632664k(1092k free)

vm_info: Java HotSpot(TM) 64-Bit Server VM (25.131-b11) for windows-amd64 JRE (1.8.0_131-b11), built on Mar 15 2017 01:23:53 by "java_re" with MS VC++ 10.0 (VS2010)

time: Fri Apr 03 14:17:11 2020
elapsed time: 0 seconds (0d 0h 0m 0s)

